Requette: GET var/www/index.html HTTP/1.1
Requette: GET var/www//index.html HTTP/1.1
Requette: GET /index.html HTTP/1.1
Requette: GET /index.html HTTP/1.1
Requette: GET /siteweb.html HTTP/1.1
Requette: GET /siteweb.html HTTP/1.1
Requette: GET /siteweb.html HTTP/1.1
Requette: GET / HTTP/1.1
Requette: GET / HTTP/1.1
Requette: GET /index.html HTTP/1.1
Requette: GET /index.html HTTP/1.1
Requette: GET /index.html HTTP/1.1
Requette: GET /miniWeb.html HTTP/1.1
Requette: GET /images/n2.jpg HTTP/1.1
Requette: GET /technique.html HTTP/1.1
Requette: GET /technique.html HTTP/1.1
Requette: GET /index.html HTTP/1.1
Requette: GET /miniWeb.html HTTP/1.1
Requette: GET /images/n2.jpg HTTP/1.1
Requette: GET / HTTP/1.1
Requette: GET /miniWeb.html HTTP/1.1
Requette: GET /images/n2.jpg HTTP/1.1
Requête: GET /index.html HTTP/1.1
Requête: GET /miniWeb.html HTTP/1.1
Requête: GET /images/n2.jpg HTTP/1.1
Requête: GET /miniWebg.html HTTP/1.1
Requête: GET /index.htmld HTTP/1.1
Requête: GET /index.html HTTP/1.1
Requette: GET /index.htmld HTTP/1.1
Requette: GET /index.htmld HTTP/1.1
Requette: GET /index.html HTTP/1.1
Requette: GET /index.htmld HTTP/1.1
Requête: GET /index.htmld HTTP/1.1
Requête: GET /index.html HTTP/1.1
Requête: GET /miniWeb.html HTTP/1.1
Requête: GET /images/n2.jpg HTTP/1.1
Requête: GET /miniWeb.html HTTP/1.1
Requête: GET /images/n2.jpg HTTP/1.1
Requête: GET /miniWeb.html HTTP/1.1
Requête: GET /images/n2.jpg HTTP/1.1
Requête: GET /miniWeb.html HTTP/1.1
Requête: GET /images/n2.jpg HTTP/1.1
Requête: GET /miniWeb.html HTTP/1.1
Requête: GET /images/n2.jpg HTTP/1.1
Requête: GET /miniWeb.html HTTP/1.1
Requête: GET /images/n2.jpg HTTP/1.1
Requête: GET /miniWeb.html HTTP/1.1
Requête: GET /images/n2.jpg HTTP/1.1
Requête: GET /miniWeb.html HTTP/1.1
Requête: GET /images/n2.jpg HTTP/1.1
Requête: GET /miniWeb.html HTTP/1.1
Requête: GET /images/n2.jpg HTTP/1.1
Requête: GET /miniWeb.html HTTP/1.1
Requête: GET /images/n2.jpg HTTP/1.1
Requête: GET /miniWeb.html HTTP/1.1
Requête: GET /images/n2.jpg HTTP/1.1
Requête: GET /miniWeb.html HTTP/1.1
Requête: GET /images/n2.jpg HTTP/1.1
Requête: GET /miniWeb.html HTTP/1.1
Requête: GET /images/n2.jpg HTTP/1.1
Requête: GET /miniWeb.html HTTP/1.1
Requête: GET /images/n2.jpg HTTP/1.1
Requête: GET /miniWeb.html HTTP/1.1
Requête: GET /images/n2.jpg HTTP/1.1
Requête: GET /miniWeb.html HTTP/1.1
Requête: GET /images/n2.jpg HTTP/1.1
Requête: GET /miniWeb.html HTTP/1.1
Requête: GET /images/n2.jpg HTTP/1.1
Requête: GET / HTTP/1.1
Requête: GET /technique.html HTTP/1.1
Requête: GET /images/l1.gif HTTP/1.1
Requête: GET /siteweb.html HTTP/1.1
Requête: GET /siteweb.html HTTP/1.1
Requête: GET /siteweb.html HTTP/1.1
Requête: GET /siteweb.html HTTP/1.1
Requête: GET /siteweb.html HTTP/1.1
Requête: GET /siteweb.html HTTP/1.1
Requête: GET /siteweb.html HTTP/1.1
Requête: GET /siteweb.html HTTP/1.1
Requête: GET /siteweb.html HTTP/1.1
Requête: GET /siteweb.html HTTP/1.1
Requête: GET /siteweb.html HTTP/1.1
Requête: GET /siteweb.html HTTP/1.1
Requête: GET /siteweb.html HTTP/1.1
Requête: GET /siteweb.html HTTP/1.1
Requête: GET /siteweb.html HTTP/1.1
Requête: GET /siteweb.html HTTP/1.1
Requête: GET /siteweb.html HTTP/1.1
Requête: GET /siteweb.html HTTP/1.1
