Fichier pas trouvé : siteweb/index.html
Fichier pas trouvé : siteweb/index.html
Fichier pas trouvé : siteweb/index.html
Fichier pas trouvé : siteweb/index.html
Fichier pas trouvé : siteweb/siteweb.html
Fichier pas trouvé : www/siteweb.html
Fichier pas trouvé : var/www/images/n2.jpg
Fichier pas trouvé : var/www/technique.html
Fichier pas trouvé : var/www/technique.html
Fichier pas trouvé : var/www/images/n2.jpg
Fichier pas trouvé : var/www/images/n2.jpg
Fichier non trouvé : var/www/images/n2.jpg
Fichier non trouvé : var/www/miniWebg.html
Fichier non trouvé : var/www/index.htmld
Fichier pas trouvé : var/www/index.htmld
Fichier pas trouvé : var/www/index.htmld
Fichier pas trouvé : var/www/index.htmld
Fichier non trouvé : var/www/index.htmld
Fichier non trouvé : var/www/images/n2.jpg
Fichier non trouvé : var/www/images/n2.jpg
